<?xml version="1.0" encoding="UTF-8"?>
<!-- Generated by org.testng.reporters.JUnitReportReporter -->
<testsuite hostname="TO-OW-15-PC" name="com.techouts.fanniemae.testcases.Sample_01" tests="1" failures="0" timestamp="18 Dec 2019 12:14:29 GMT" time="8.783" errors="1">
  <testcase name="createSpecialRequestsRequisitions" time="8.783" classname="com.techouts.fanniemae.testcases.Sample_01">
    <error type="com.fanniemae.automation.util.exceptions.WebElementOperationException" message="Error occurred while comparing the ActualPageTitle[env-pre.ivalua.us] with ExpectedPageTitle[Login: Buyer Fannie Mae].">
      <![CDATA[com.fanniemae.automation.util.exceptions.WebElementOperationException: Error occurred while comparing the ActualPageTitle[env-pre.ivalua.us] with ExpectedPageTitle[Login: Buyer Fannie Mae].
	at com.techouts.fanniemae.webelement.ops.WebElementOperations.throwWebElementOperationException(WebElementOperations.java:212)
	at com.techouts.fanniemae.webelement.ops.WebElementOperations.verifyPageTitle(WebElementOperations.java:94)
	at com.techouts.fanniemae.testcases.Sample_01.createSpecialRequestsRequisitions(Sample_01.java:55)
	at sun.reflect.NativeMethodAccessorImpl.invoke0(Native Method)
	at sun.reflect.NativeMethodAccessorImpl.invoke(Unknown Source)
	at sun.reflect.DelegatingMethodAccessorImpl.invoke(Unknown Source)
	at java.lang.reflect.Method.invoke(Unknown Source)
	at org.testng.internal.MethodInvocationHelper.invokeMethod(MethodInvocationHelper.java:86)
	at org.testng.internal.Invoker.invokeMethod(Invoker.java:645)
	at org.testng.internal.Invoker.invokeTestMethod(Invoker.java:822)
	at org.testng.internal.Invoker.invokeTestMethods(Invoker.java:1130)
	at org.testng.internal.TestMethodWorker.invokeTestMethods(TestMethodWorker.java:129)
	at org.testng.internal.TestMethodWorker.run(TestMethodWorker.java:112)
	at org.testng.TestRunner.privateRun(TestRunner.java:782)
	at org.testng.TestRunner.run(TestRunner.java:632)
	at org.testng.SuiteRunner.runTest(SuiteRunner.java:366)
	at org.testng.SuiteRunner.runSequentially(SuiteRunner.java:361)
	at org.testng.SuiteRunner.privateRun(SuiteRunner.java:319)
	at org.testng.SuiteRunner.run(SuiteRunner.java:268)
	at org.testng.SuiteRunnerWorker.runSuite(SuiteRunnerWorker.java:52)
	at org.testng.SuiteRunnerWorker.run(SuiteRunnerWorker.java:86)
	at org.testng.TestNG.runSuitesSequentially(TestNG.java:1244)
	at org.testng.TestNG.runSuitesLocally(TestNG.java:1169)
	at org.testng.TestNG.run(TestNG.java:1064)
	at org.testng.remote.RemoteTestNG.run(RemoteTestNG.java:113)
	at org.testng.remote.RemoteTestNG.initAndRun(RemoteTestNG.java:206)
	at org.testng.remote.RemoteTestNG.main(RemoteTestNG.java:177)
Caused by: com.fanniemae.automation.util.exceptions.AssertException: Page title is not as expected.
	at com.fanniemae.automation.util.Assert.assertEquals(Assert.java:26)
	at com.techouts.fanniemae.webelement.ops.WebElementOperations.verifyPageTitle(WebElementOperations.java:91)
	... 25 more
]]>
    </error>
  </testcase> <!-- createSpecialRequestsRequisitions -->
</testsuite> <!-- com.techouts.fanniemae.testcases.Sample_01 -->
