<?xml version="1.0" encoding="UTF-8"?>
<!-- Generated by org.testng.reporters.JUnitReportReporter -->
<testsuite hostname="TO-OW-15-PC" name="com.techouts.fanniemae.testcases.CreateContractMasterServicesAgreement" tests="1" failures="0" timestamp="16 Jan 2020 11:20:19 GMT" time="90.338" errors="1">
  <testcase name="createContractMasterServicesAgreement" time="90.338" classname="com.techouts.fanniemae.testcases.CreateContractMasterServicesAgreement">
    <error type="com.techouts.fanniemae.exceptions.FannieMaeBusinessException" message="throwing exception to make sure capturing testcase result to testNG">
      <![CDATA[com.techouts.fanniemae.exceptions.FannieMaeBusinessException: throwing exception to make sure capturing testcase result to testNG
	at com.fanniemae.automation.test.AbstractTest.performPostExceptionProcess(AbstractTest.java:246)
	at com.techouts.fanniemae.testcases.CreateContractMasterServicesAgreement.createContractMasterServicesAgreement(CreateContractMasterServicesAgreement.java:67)
	at sun.reflect.NativeMethodAccessorImpl.invoke0(Native Method)
	at sun.reflect.NativeMethodAccessorImpl.invoke(Unknown Source)
	at sun.reflect.DelegatingMethodAccessorImpl.invoke(Unknown Source)
	at java.lang.reflect.Method.invoke(Unknown Source)
	at org.testng.internal.MethodInvocationHelper.invokeMethod(MethodInvocationHelper.java:86)
	at org.testng.internal.Invoker.invokeMethod(Invoker.java:645)
	at org.testng.internal.Invoker.invokeTestMethod(Invoker.java:822)
	at org.testng.internal.Invoker.invokeTestMethods(Invoker.java:1130)
	at org.testng.internal.TestMethodWorker.invokeTestMethods(TestMethodWorker.java:129)
	at org.testng.internal.TestMethodWorker.run(TestMethodWorker.java:112)
	at org.testng.TestRunner.privateRun(TestRunner.java:782)
	at org.testng.TestRunner.run(TestRunner.java:632)
	at org.testng.SuiteRunner.runTest(SuiteRunner.java:366)
	at org.testng.SuiteRunner.runSequentially(SuiteRunner.java:361)
	at org.testng.SuiteRunner.privateRun(SuiteRunner.java:319)
	at org.testng.SuiteRunner.run(SuiteRunner.java:268)
	at org.testng.SuiteRunnerWorker.runSuite(SuiteRunnerWorker.java:52)
	at org.testng.SuiteRunnerWorker.run(SuiteRunnerWorker.java:86)
	at org.testng.TestNG.runSuitesSequentially(TestNG.java:1244)
	at org.testng.TestNG.runSuitesLocally(TestNG.java:1169)
	at org.testng.TestNG.run(TestNG.java:1064)
	at org.testng.remote.RemoteTestNG.run(RemoteTestNG.java:113)
	at org.testng.remote.RemoteTestNG.initAndRun(RemoteTestNG.java:206)
	at org.testng.remote.RemoteTestNG.main(RemoteTestNG.java:177)
Caused by: com.techouts.fanniemae.exceptions.FannieMaeBusinessException: throwing exception to make sure capturing testcase result to testNG
	at com.fanniemae.automation.test.AbstractTest.performPostExceptionProcess(AbstractTest.java:244)
	... 25 more
Caused by: com.fanniemae.automation.util.exceptions.WebElementOperationException: Waited for page to load for 15 seconds.
	at com.techouts.fanniemae.webelement.ops.WebElementOperations.throwWebElementOperationException(WebElementOperations.java:212)
	at com.techouts.fanniemae.webelement.ops.WebElementOperations.waitForPageLoad(WebElementOperations.java:107)
	at com.techouts.fanniemae.testcases.CreateContractMasterServicesAgreement.createContractMasterServicesAgreement(CreateContractMasterServicesAgreement.java:55)
	... 24 more
Caused by: org.openqa.selenium.UnhandledAlertException: unexpected alert open: {Alert text : Some data haven't been filled correctly
  - Supplier : Mandatory
  - Primary Category : Mandatory
}
  (Session info: chrome=79.0.3945.117): Some data haven't been filled correctly
  - Supplier : Mandatory
  - Primary Category : Mandatory

Build info: version: '3.141.59', revision: 'e82be7d358', time: '2018-11-14T08:17:03'
System info: host: 'TO-OW-15-PC', ip: '172.20.0.141', os.name: 'Windows 7', os.arch: 'amd64', os.version: '6.1', java.version: '1.8.0_221'
Driver info: org.openqa.selenium.chrome.ChromeDriver
Capabilities {acceptInsecureCerts: false, browserName: chrome, browserVersion: 79.0.3945.117, chrome: {chromedriverVersion: 78.0.3904.70 (edb9c9f3de024..., userDataDir: C:\Users\swathi.k\AppData\L...}, goog:chromeOptions: {debuggerAddress: localhost:55512}, javascriptEnabled: true, networkConnectionEnabled: false, pageLoadStrategy: normal, platform: XP, platformName: XP, proxy: Proxy(), setWindowRect: true, strictFileInteractability: false, timeouts: {implicit: 0, pageLoad: 300000, script: 30000}, unhandledPromptBehavior: dismiss and notify}
Session ID: db7725d4632baec01ca22e3f081893d3
	at org.openqa.selenium.remote.http.W3CHttpResponseCodec.decode(W3CHttpResponseCodec.java:120)
	at org.openqa.selenium.remote.http.W3CHttpResponseCodec.decode(W3CHttpResponseCodec.java:49)
	at org.openqa.selenium.remote.HttpCommandExecutor.execute(HttpCommandExecutor.java:158)
	at org.openqa.selenium.remote.service.DriverCommandExecutor.execute(DriverCommandExecutor.java:83)
	at org.openqa.selenium.remote.RemoteWebDriver.execute(RemoteWebDriver.java:552)
	at org.openqa.selenium.remote.RemoteWebDriver.executeScript(RemoteWebDriver.java:489)
	at com.techouts.fanniemae.webelement.ops.WebElementOperations.getExpectedCondition(WebElementOperations.java:135)
	at org.openqa.selenium.support.ui.FluentWait.until(FluentWait.java:249)
	at com.techouts.fanniemae.webelement.ops.WebElementOperations.waitForPageLoad(WebElementOperations.java:105)
	... 25 more
]]>
    </error>
  </testcase> <!-- createContractMasterServicesAgreement -->
</testsuite> <!-- com.techouts.fanniemae.testcases.CreateContractMasterServicesAgreement -->
